[0.011s] Invoking command in '/Users/swin/code/ros2/ros2_humble/build/my_cpp_package': PIXI_PROMPT=(ros2_humble) SHLVL=3 _=/usr/bin/env /Users/swin/code/ros2/ros2_humble/.pixi/envs/default/bin/cmake /Users/swin/code/ros2/ros2_humble/src/my_cpp_package -G Ninja -DCMAKE_INSTALL_PREFIX=/Users/swin/code/ros2/ros2_humble/install/my_cpp_package
[0.023s] CMake Deprecation Warning at CMakeLists.txt:1 (cmake_minimum_required):
[0.023s]   Compatibility with CMake < 3.10 will be removed from a future version of
[0.023s]   CMake.
[0.023s] 
[0.023s]   Update the VERSION argument <min> value.  Or, use the <min>...<max> syntax
[0.023s]   to tell CMake that the project requires at least <min> but has been updated
[0.023s]   to work with policies introduced by <max> or earlier.
[0.023s] 
[0.023s] 
[2.312s] -- The C compiler identification is Clang 18.1.8
[2.435s] -- The CXX compiler identification is Clang 18.1.8
[2.457s] -- Detecting C compiler ABI info
[2.551s] -- Detecting C compiler ABI info - done
[2.555s] -- Check for working C compiler: /Users/swin/code/ros2/ros2_humble/.pixi/envs/default/bin/arm64-apple-darwin20.0.0-clang - skipped
[2.555s] -- Detecting C compile features
[2.556s] -- Detecting C compile features - done
[2.559s] -- Detecting CXX compiler ABI info
[2.654s] -- Detecting CXX compiler ABI info - done
[2.658s] -- Check for working CXX compiler: /Users/swin/code/ros2/ros2_humble/.pixi/envs/default/bin/arm64-apple-darwin20.0.0-clang++ - skipped
[2.658s] -- Detecting CXX compile features
[2.659s] -- Detecting CXX compile features - done
[2.667s] -- Found ament_cmake: 1.3.11 (/Users/swin/code/ros2/ros2_humble/.pixi/envs/default/share/ament_cmake/cmake)
[2.740s] -- Found Python3: /Users/swin/code/ros2/ros2_humble/.pixi/envs/default/bin/python3 (found version "3.11.13") found components: Interpreter
[2.865s] -- Found rclcpp: 16.0.11 (/Users/swin/code/ros2/ros2_humble/.pixi/envs/default/share/rclcpp/cmake)
[2.945s] -- Found rosidl_generator_c: 3.1.6 (/Users/swin/code/ros2/ros2_humble/.pixi/envs/default/share/rosidl_generator_c/cmake)
[2.958s] -- Found rosidl_adapter: 3.1.6 (/Users/swin/code/ros2/ros2_humble/.pixi/envs/default/share/rosidl_adapter/cmake)
[2.974s] -- Found rosidl_generator_cpp: 3.1.6 (/Users/swin/code/ros2/ros2_humble/.pixi/envs/default/share/rosidl_generator_cpp/cmake)
[2.993s] -- Using all available rosidl_typesupport_c: rosidl_typesupport_fastrtps_c;rosidl_typesupport_introspection_c
[3.019s] -- Using all available rosidl_typesupport_cpp: rosidl_typesupport_fastrtps_cpp;rosidl_typesupport_introspection_cpp
[3.119s] -- Checking for module 'yaml-0.1'
[3.209s] --   Found yaml-0.1, version 0.2.5
[3.468s] -- Found rmw_implementation_cmake: 6.1.2 (/Users/swin/code/ros2/ros2_humble/.pixi/envs/default/share/rmw_implementation_cmake/cmake)
[3.475s] -- Found rmw_fastrtps_cpp: 6.2.7 (/Users/swin/code/ros2/ros2_humble/.pixi/envs/default/share/rmw_fastrtps_cpp/cmake)
[3.943s] -- Found OpenSSL: /Users/swin/code/ros2/ros2_humble/.pixi/envs/default/lib/libcrypto.dylib (found version "3.5.0")
[4.002s] -- Found FastRTPS: /Users/swin/code/ros2/ros2_humble/.pixi/envs/default/include
[4.049s] -- Using RMW implementation 'rmw_fastrtps_cpp' as default
[4.069s] -- Performing Test CMAKE_HAVE_LIBC_PTHREAD
[4.170s] -- Performing Test CMAKE_HAVE_LIBC_PTHREAD - Success
[4.170s] -- Found Threads: TRUE
[4.249s] -- Configuring done (4.2s)
[4.402s] -- Generating done (0.2s)
[4.403s] -- Build files have been written to: /Users/swin/code/ros2/ros2_humble/build/my_cpp_package
[4.407s] Invoked command in '/Users/swin/code/ros2/ros2_humble/build/my_cpp_package' returned '0': PIXI_PROMPT=(ros2_humble) SHLVL=3 _=/usr/bin/env /Users/swin/code/ros2/ros2_humble/.pixi/envs/default/bin/cmake /Users/swin/code/ros2/ros2_humble/src/my_cpp_package -G Ninja -DCMAKE_INSTALL_PREFIX=/Users/swin/code/ros2/ros2_humble/install/my_cpp_package
[4.410s] Invoking command in '/Users/swin/code/ros2/ros2_humble/build/my_cpp_package': PIXI_PROMPT=(ros2_humble) SHLVL=3 _=/usr/bin/env /Users/swin/code/ros2/ros2_humble/.pixi/envs/default/bin/cmake --build /Users/swin/code/ros2/ros2_humble/build/my_cpp_package -- -j10 -l10
[5.523s] [1/2] Building CXX object CMakeFiles/my_node.dir/src/my_node.cpp.o
[5.566s] [2/2] Linking CXX executable my_node
[5.566s] ld: warning: duplicate -rpath '/Users/swin/code/ros2/ros2_humble/.pixi/envs/default/lib' ignored
[5.568s] Invoked command in '/Users/swin/code/ros2/ros2_humble/build/my_cpp_package' returned '0': PIXI_PROMPT=(ros2_humble) SHLVL=3 _=/usr/bin/env /Users/swin/code/ros2/ros2_humble/.pixi/envs/default/bin/cmake --build /Users/swin/code/ros2/ros2_humble/build/my_cpp_package -- -j10 -l10
[5.602s] Invoking command in '/Users/swin/code/ros2/ros2_humble/build/my_cpp_package': PIXI_PROMPT=(ros2_humble) SHLVL=3 _=/usr/bin/env /Users/swin/code/ros2/ros2_humble/.pixi/envs/default/bin/cmake --install /Users/swin/code/ros2/ros2_humble/build/my_cpp_package
[5.610s] -- Install configuration: ""
[5.610s] -- Installing: /Users/swin/code/ros2/ros2_humble/install/my_cpp_package/lib/my_cpp_package/my_node
[5.738s] /Users/swin/code/ros2/ros2_humble/.pixi/envs/default/bin/install_name_tool: warning: changes being made to the file will invalidate the code signature in: /Users/swin/code/ros2/ros2_humble/install/my_cpp_package/lib/my_cpp_package/my_node
[5.738s] [cctools-port]: generating fake signature for '/Users/swin/code/ros2/ros2_humble/install/my_cpp_package/lib/my_cpp_package/my_node'
[6.078s] -- Installing: /Users/swin/code/ros2/ros2_humble/install/my_cpp_package/share/ament_index/resource_index/package_run_dependencies/my_cpp_package
[6.079s] -- Installing: /Users/swin/code/ros2/ros2_humble/install/my_cpp_package/share/ament_index/resource_index/parent_prefix_path/my_cpp_package
[6.079s] -- Installing: /Users/swin/code/ros2/ros2_humble/install/my_cpp_package/share/my_cpp_package/environment/ament_prefix_path.sh
[6.080s] -- Installing: /Users/swin/code/ros2/ros2_humble/install/my_cpp_package/share/my_cpp_package/environment/ament_prefix_path.dsv
[6.080s] -- Installing: /Users/swin/code/ros2/ros2_humble/install/my_cpp_package/share/my_cpp_package/environment/path.sh
[6.081s] -- Installing: /Users/swin/code/ros2/ros2_humble/install/my_cpp_package/share/my_cpp_package/environment/path.dsv
[6.081s] -- Installing: /Users/swin/code/ros2/ros2_humble/install/my_cpp_package/share/my_cpp_package/local_setup.bash
[6.081s] -- Installing: /Users/swin/code/ros2/ros2_humble/install/my_cpp_package/share/my_cpp_package/local_setup.sh
[6.082s] -- Installing: /Users/swin/code/ros2/ros2_humble/install/my_cpp_package/share/my_cpp_package/local_setup.zsh
[6.082s] -- Installing: /Users/swin/code/ros2/ros2_humble/install/my_cpp_package/share/my_cpp_package/local_setup.dsv
[6.083s] -- Installing: /Users/swin/code/ros2/ros2_humble/install/my_cpp_package/share/my_cpp_package/package.dsv
[6.083s] -- Installing: /Users/swin/code/ros2/ros2_humble/install/my_cpp_package/share/ament_index/resource_index/packages/my_cpp_package
[6.084s] -- Installing: /Users/swin/code/ros2/ros2_humble/install/my_cpp_package/share/my_cpp_package/cmake/my_cpp_packageConfig.cmake
[6.084s] -- Installing: /Users/swin/code/ros2/ros2_humble/install/my_cpp_package/share/my_cpp_package/cmake/my_cpp_packageConfig-version.cmake
[6.084s] -- Installing: /Users/swin/code/ros2/ros2_humble/install/my_cpp_package/share/my_cpp_package/package.xml
[6.089s] Invoked command in '/Users/swin/code/ros2/ros2_humble/build/my_cpp_package' returned '0': PIXI_PROMPT=(ros2_humble) SHLVL=3 _=/usr/bin/env /Users/swin/code/ros2/ros2_humble/.pixi/envs/default/bin/cmake --install /Users/swin/code/ros2/ros2_humble/build/my_cpp_package
