-- The C compiler identification is AppleClang 17.0.0.17000013
-- The CXX compiler identification is AppleClang 17.0.0.17000013
-- Detecting C compiler ABI info
-- Detecting C compiler ABI info - done
-- Check for working C compiler: /usr/bin/cc - skipped
-- Detecting C compile features
-- Detecting C compile features - done
-- Detecting CXX compiler ABI info
-- Detecting CXX compiler ABI info - done
-- Check for working CXX compiler: /usr/bin/c++ - skipped
-- Detecting CXX compile features
-- Detecting CXX compile features - done
-- Found ament_cmake: 1.3.11 (/Users/swin/code/ros2/ros2_humble/.pixi/envs/default/share/ament_cmake/cmake)
-- Found Python3: /Users/swin/code/ros2/ros2_humble/.pixi/envs/default/bin/python3 (found version "3.11.13") found components: Interpreter
-- Found rclcpp: 16.0.11 (/Users/swin/code/ros2/ros2_humble/.pixi/envs/default/share/rclcpp/cmake)
-- Found rosidl_generator_c: 3.1.6 (/Users/swin/code/ros2/ros2_humble/.pixi/envs/default/share/rosidl_generator_c/cmake)
-- Found rosidl_adapter: 3.1.6 (/Users/swin/code/ros2/ros2_humble/.pixi/envs/default/share/rosidl_adapter/cmake)
-- Found rosidl_generator_cpp: 3.1.6 (/Users/swin/code/ros2/ros2_humble/.pixi/envs/default/share/rosidl_generator_cpp/cmake)
-- Using all available rosidl_typesupport_c: rosidl_typesupport_fastrtps_c;rosidl_typesupport_introspection_c
-- Using all available rosidl_typesupport_cpp: rosidl_typesupport_fastrtps_cpp;rosidl_typesupport_introspection_cpp
-- Checking for module 'yaml-0.1'
--   Found yaml-0.1, version 0.2.5
-- Found rmw_implementation_cmake: 6.1.2 (/Users/swin/code/ros2/ros2_humble/.pixi/envs/default/share/rmw_implementation_cmake/cmake)
-- Found rmw_fastrtps_cpp: 6.2.7 (/Users/swin/code/ros2/ros2_humble/.pixi/envs/default/share/rmw_fastrtps_cpp/cmake)
-- Found OpenSSL: /Users/swin/code/ros2/ros2_humble/.pixi/envs/default/lib/libcrypto.dylib (found version "3.5.0")
-- Found FastRTPS: /Users/swin/code/ros2/ros2_humble/.pixi/envs/default/include
-- Using RMW implementation 'rmw_fastrtps_cpp' as default
-- Performing Test CMAKE_HAVE_LIBC_PTHREAD
-- Performing Test CMAKE_HAVE_LIBC_PTHREAD - Success
-- Found Threads: TRUE
-- Found std_msgs: 4.2.4 (/Users/swin/code/ros2/ros2_humble/.pixi/envs/default/share/std_msgs/cmake)
-- Found ament_lint_auto: 0.12.11 (/Users/swin/code/ros2/ros2_humble/.pixi/envs/default/share/ament_lint_auto/cmake)
-- Added test 'cppcheck' to perform static code analysis on C / C++ code
-- Configured cppcheck include dirs: $<BUILD_INTERFACE:/Users/swin/code/ros2/ros2_humble/src/rtmp_uav_img_pub/include>
-- Configured cppcheck exclude dirs and/or files: 
-- Added test 'lint_cmake' to check CMake code style
-- Added test 'uncrustify' to check C / C++ code style
-- Configured uncrustify additional arguments: 
-- Added test 'xmllint' to check XML markup files
-- Configuring done (2.0s)
-- Generating done (0.0s)
-- Build files have been written to: /Users/swin/code/ros2/ros2_humble/build/rtmp_uav_img_pub
[ 50%] Building CXX object CMakeFiles/drone_img.dir/src/drone_img.cpp.o
[100%] Linking CXX executable drone_img
[100%] Built target drone_img
-- Install configuration: ""
-- Installing: /Users/swin/code/ros2/ros2_humble/install/rtmp_uav_img_pub/lib/rtmp_uav_img_pub/drone_img
-- Installing: /Users/swin/code/ros2/ros2_humble/install/rtmp_uav_img_pub/share/ament_index/resource_index/package_run_dependencies/rtmp_uav_img_pub
-- Installing: /Users/swin/code/ros2/ros2_humble/install/rtmp_uav_img_pub/share/ament_index/resource_index/parent_prefix_path/rtmp_uav_img_pub
-- Installing: /Users/swin/code/ros2/ros2_humble/install/rtmp_uav_img_pub/share/rtmp_uav_img_pub/environment/ament_prefix_path.sh
-- Installing: /Users/swin/code/ros2/ros2_humble/install/rtmp_uav_img_pub/share/rtmp_uav_img_pub/environment/ament_prefix_path.dsv
-- Installing: /Users/swin/code/ros2/ros2_humble/install/rtmp_uav_img_pub/share/rtmp_uav_img_pub/environment/path.sh
-- Installing: /Users/swin/code/ros2/ros2_humble/install/rtmp_uav_img_pub/share/rtmp_uav_img_pub/environment/path.dsv
-- Installing: /Users/swin/code/ros2/ros2_humble/install/rtmp_uav_img_pub/share/rtmp_uav_img_pub/local_setup.bash
-- Installing: /Users/swin/code/ros2/ros2_humble/install/rtmp_uav_img_pub/share/rtmp_uav_img_pub/local_setup.sh
-- Installing: /Users/swin/code/ros2/ros2_humble/install/rtmp_uav_img_pub/share/rtmp_uav_img_pub/local_setup.zsh
-- Installing: /Users/swin/code/ros2/ros2_humble/install/rtmp_uav_img_pub/share/rtmp_uav_img_pub/local_setup.dsv
-- Installing: /Users/swin/code/ros2/ros2_humble/install/rtmp_uav_img_pub/share/rtmp_uav_img_pub/package.dsv
-- Installing: /Users/swin/code/ros2/ros2_humble/install/rtmp_uav_img_pub/share/ament_index/resource_index/packages/rtmp_uav_img_pub
-- Installing: /Users/swin/code/ros2/ros2_humble/install/rtmp_uav_img_pub/share/rtmp_uav_img_pub/cmake/rtmp_uav_img_pubConfig.cmake
-- Installing: /Users/swin/code/ros2/ros2_humble/install/rtmp_uav_img_pub/share/rtmp_uav_img_pub/cmake/rtmp_uav_img_pubConfig-version.cmake
-- Installing: /Users/swin/code/ros2/ros2_humble/install/rtmp_uav_img_pub/share/rtmp_uav_img_pub/package.xml
