[0.011s] Invoking command in '/Users/swin/code/ros2/ros2_humble/build/rtmp_uav_img_pub': CMAKE_PREFIX_PATH=${CMAKE_PREFIX_PATH}:/Users/swin/code/ros2/ros2_humble/.pixi/envs/default PIXI_PROMPT=(ros2_humble) SHLVL=3 _=/usr/bin/env /Users/swin/code/ros2/ros2_humble/.pixi/envs/default/bin/cmake /Users/swin/code/ros2/ros2_humble/src/rtmp_uav_img_pub -DCMAKE_INSTALL_PREFIX=/Users/swin/code/ros2/ros2_humble/install/rtmp_uav_img_pub
[0.022s] CMake Deprecation Warning at CMakeLists.txt:1 (cmake_minimum_required):
[0.023s]   Compatibility with CMake < 3.10 will be removed from a future version of
[0.023s]   CMake.
[0.023s] 
[0.023s]   Update the VERSION argument <min> value.  Or, use the <min>...<max> syntax
[0.023s]   to tell CMake that the project requires at least <min> but has been updated
[0.023s]   to work with policies introduced by <max> or earlier.
[0.023s] 
[0.023s] 
[0.102s] -- The C compiler identification is AppleClang 17.0.0.17000013
[0.162s] -- The CXX compiler identification is AppleClang 17.0.0.17000013
[0.180s] -- Detecting C compiler ABI info
[0.309s] -- Detecting C compiler ABI info - done
[0.319s] -- Check for working C compiler: /usr/bin/cc - skipped
[0.319s] -- Detecting C compile features
[0.320s] -- Detecting C compile features - done
[0.322s] -- Detecting CXX compiler ABI info
[0.443s] -- Detecting CXX compiler ABI info - done
[0.454s] -- Check for working CXX compiler: /usr/bin/c++ - skipped
[0.454s] -- Detecting CXX compile features
[0.454s] -- Detecting CXX compile features - done
[0.461s] -- Found ament_cmake: 1.3.11 (/Users/swin/code/ros2/ros2_humble/.pixi/envs/default/share/ament_cmake/cmake)
[0.533s] -- Found Python3: /Users/swin/code/ros2/ros2_humble/.pixi/envs/default/bin/python3 (found version "3.11.13") found components: Interpreter
[0.649s] -- Found rclcpp: 16.0.11 (/Users/swin/code/ros2/ros2_humble/.pixi/envs/default/share/rclcpp/cmake)
[0.721s] -- Found rosidl_generator_c: 3.1.6 (/Users/swin/code/ros2/ros2_humble/.pixi/envs/default/share/rosidl_generator_c/cmake)
[0.733s] -- Found rosidl_adapter: 3.1.6 (/Users/swin/code/ros2/ros2_humble/.pixi/envs/default/share/rosidl_adapter/cmake)
[0.747s] -- Found rosidl_generator_cpp: 3.1.6 (/Users/swin/code/ros2/ros2_humble/.pixi/envs/default/share/rosidl_generator_cpp/cmake)
[0.763s] -- Using all available rosidl_typesupport_c: rosidl_typesupport_fastrtps_c;rosidl_typesupport_introspection_c
[0.787s] -- Using all available rosidl_typesupport_cpp: rosidl_typesupport_fastrtps_cpp;rosidl_typesupport_introspection_cpp
[0.875s] -- Checking for module 'yaml-0.1'
[0.962s] --   Found yaml-0.1, version 0.2.5
[1.214s] -- Found rmw_implementation_cmake: 6.1.2 (/Users/swin/code/ros2/ros2_humble/.pixi/envs/default/share/rmw_implementation_cmake/cmake)
[1.220s] -- Found rmw_fastrtps_cpp: 6.2.7 (/Users/swin/code/ros2/ros2_humble/.pixi/envs/default/share/rmw_fastrtps_cpp/cmake)
[1.658s] -- Found OpenSSL: /Users/swin/code/ros2/ros2_humble/.pixi/envs/default/lib/libcrypto.dylib (found version "3.5.0")
[1.715s] -- Found FastRTPS: /Users/swin/code/ros2/ros2_humble/.pixi/envs/default/include
[1.759s] -- Using RMW implementation 'rmw_fastrtps_cpp' as default
[1.775s] -- Performing Test CMAKE_HAVE_LIBC_PTHREAD
[1.902s] -- Performing Test CMAKE_HAVE_LIBC_PTHREAD - Success
[1.902s] -- Found Threads: TRUE
[1.942s] -- Found std_msgs: 4.2.4 (/Users/swin/code/ros2/ros2_humble/.pixi/envs/default/share/std_msgs/cmake)
[1.955s] -- Found ament_lint_auto: 0.12.11 (/Users/swin/code/ros2/ros2_humble/.pixi/envs/default/share/ament_lint_auto/cmake)
[2.033s] -- Added test 'cppcheck' to perform static code analysis on C / C++ code
[2.033s] -- Configured cppcheck include dirs: $<BUILD_INTERFACE:/Users/swin/code/ros2/ros2_humble/src/rtmp_uav_img_pub/include>
[2.033s] -- Configured cppcheck exclude dirs and/or files: 
[2.033s] -- Added test 'lint_cmake' to check CMake code style
[2.034s] -- Added test 'uncrustify' to check C / C++ code style
[2.034s] -- Configured uncrustify additional arguments: 
[2.034s] -- Added test 'xmllint' to check XML markup files
[2.035s] -- Configuring done (2.0s)
[2.056s] -- Generating done (0.0s)
[2.056s] -- Build files have been written to: /Users/swin/code/ros2/ros2_humble/build/rtmp_uav_img_pub
[2.059s] Invoked command in '/Users/swin/code/ros2/ros2_humble/build/rtmp_uav_img_pub' returned '0': CMAKE_PREFIX_PATH=${CMAKE_PREFIX_PATH}:/Users/swin/code/ros2/ros2_humble/.pixi/envs/default PIXI_PROMPT=(ros2_humble) SHLVL=3 _=/usr/bin/env /Users/swin/code/ros2/ros2_humble/.pixi/envs/default/bin/cmake /Users/swin/code/ros2/ros2_humble/src/rtmp_uav_img_pub -DCMAKE_INSTALL_PREFIX=/Users/swin/code/ros2/ros2_humble/install/rtmp_uav_img_pub
[2.061s] Invoking command in '/Users/swin/code/ros2/ros2_humble/build/rtmp_uav_img_pub': CMAKE_PREFIX_PATH=${CMAKE_PREFIX_PATH}:/Users/swin/code/ros2/ros2_humble/.pixi/envs/default PIXI_PROMPT=(ros2_humble) SHLVL=3 _=/usr/bin/env /Users/swin/code/ros2/ros2_humble/.pixi/envs/default/bin/cmake --build /Users/swin/code/ros2/ros2_humble/build/rtmp_uav_img_pub -- -j10 -l10
[2.119s] [ 50%] Building CXX object CMakeFiles/drone_img.dir/src/drone_img.cpp.o
[2.155s] [100%] Linking CXX executable drone_img
[2.203s] [100%] Built target drone_img
[2.213s] Invoked command in '/Users/swin/code/ros2/ros2_humble/build/rtmp_uav_img_pub' returned '0': CMAKE_PREFIX_PATH=${CMAKE_PREFIX_PATH}:/Users/swin/code/ros2/ros2_humble/.pixi/envs/default PIXI_PROMPT=(ros2_humble) SHLVL=3 _=/usr/bin/env /Users/swin/code/ros2/ros2_humble/.pixi/envs/default/bin/cmake --build /Users/swin/code/ros2/ros2_humble/build/rtmp_uav_img_pub -- -j10 -l10
[2.277s] Invoking command in '/Users/swin/code/ros2/ros2_humble/build/rtmp_uav_img_pub': CMAKE_PREFIX_PATH=${CMAKE_PREFIX_PATH}:/Users/swin/code/ros2/ros2_humble/.pixi/envs/default PIXI_PROMPT=(ros2_humble) SHLVL=3 _=/usr/bin/env /Users/swin/code/ros2/ros2_humble/.pixi/envs/default/bin/cmake --install /Users/swin/code/ros2/ros2_humble/build/rtmp_uav_img_pub
[2.285s] -- Install configuration: ""
[2.285s] -- Installing: /Users/swin/code/ros2/ros2_humble/install/rtmp_uav_img_pub/lib/rtmp_uav_img_pub/drone_img
[2.291s] -- Installing: /Users/swin/code/ros2/ros2_humble/install/rtmp_uav_img_pub/share/ament_index/resource_index/package_run_dependencies/rtmp_uav_img_pub
[2.292s] -- Installing: /Users/swin/code/ros2/ros2_humble/install/rtmp_uav_img_pub/share/ament_index/resource_index/parent_prefix_path/rtmp_uav_img_pub
[2.292s] -- Installing: /Users/swin/code/ros2/ros2_humble/install/rtmp_uav_img_pub/share/rtmp_uav_img_pub/environment/ament_prefix_path.sh
[2.292s] -- Installing: /Users/swin/code/ros2/ros2_humble/install/rtmp_uav_img_pub/share/rtmp_uav_img_pub/environment/ament_prefix_path.dsv
[2.292s] -- Installing: /Users/swin/code/ros2/ros2_humble/install/rtmp_uav_img_pub/share/rtmp_uav_img_pub/environment/path.sh
[2.292s] -- Installing: /Users/swin/code/ros2/ros2_humble/install/rtmp_uav_img_pub/share/rtmp_uav_img_pub/environment/path.dsv
[2.292s] -- Installing: /Users/swin/code/ros2/ros2_humble/install/rtmp_uav_img_pub/share/rtmp_uav_img_pub/local_setup.bash
[2.293s] -- Installing: /Users/swin/code/ros2/ros2_humble/install/rtmp_uav_img_pub/share/rtmp_uav_img_pub/local_setup.sh
[2.293s] -- Installing: /Users/swin/code/ros2/ros2_humble/install/rtmp_uav_img_pub/share/rtmp_uav_img_pub/local_setup.zsh
[2.293s] -- Installing: /Users/swin/code/ros2/ros2_humble/install/rtmp_uav_img_pub/share/rtmp_uav_img_pub/local_setup.dsv
[2.293s] -- Installing: /Users/swin/code/ros2/ros2_humble/install/rtmp_uav_img_pub/share/rtmp_uav_img_pub/package.dsv
[2.293s] -- Installing: /Users/swin/code/ros2/ros2_humble/install/rtmp_uav_img_pub/share/ament_index/resource_index/packages/rtmp_uav_img_pub
[2.293s] -- Installing: /Users/swin/code/ros2/ros2_humble/install/rtmp_uav_img_pub/share/rtmp_uav_img_pub/cmake/rtmp_uav_img_pubConfig.cmake
[2.293s] -- Installing: /Users/swin/code/ros2/ros2_humble/install/rtmp_uav_img_pub/share/rtmp_uav_img_pub/cmake/rtmp_uav_img_pubConfig-version.cmake
[2.294s] -- Installing: /Users/swin/code/ros2/ros2_humble/install/rtmp_uav_img_pub/share/rtmp_uav_img_pub/package.xml
[2.295s] Invoked command in '/Users/swin/code/ros2/ros2_humble/build/rtmp_uav_img_pub' returned '0': CMAKE_PREFIX_PATH=${CMAKE_PREFIX_PATH}:/Users/swin/code/ros2/ros2_humble/.pixi/envs/default PIXI_PROMPT=(ros2_humble) SHLVL=3 _=/usr/bin/env /Users/swin/code/ros2/ros2_humble/.pixi/envs/default/bin/cmake --install /Users/swin/code/ros2/ros2_humble/build/rtmp_uav_img_pub
