ninja: no work to do.
-- Install configuration: ""
-- Up-to-date: /Users/swin/code/ros2/ros2_humble/install/my_cpp_package/lib/my_cpp_package/my_node
error: /Users/swin/code/ros2/ros2_humble/.pixi/envs/default/bin/install_name_tool: for: /Users/swin/code/ros2/ros2_humble/install/my_cpp_package/lib/my_cpp_package/my_node (for architecture arm64) option "-add_rpath @loader_path" would duplicate path, file already has LC_RPATH for: @loader_path
error: /Users/swin/code/ros2/ros2_humble/.pixi/envs/default/bin/install_name_tool: for: /Users/swin/code/ros2/ros2_humble/install/my_cpp_package/lib/my_cpp_package/my_node (for architecture arm64) option "-add_rpath @loader_path/../lib" would duplicate path, file already has LC_RPATH for: @loader_path/../lib
-- Up-to-date: /Users/swin/code/ros2/ros2_humble/install/my_cpp_package/share/ament_index/resource_index/package_run_dependencies/my_cpp_package
-- Up-to-date: /Users/swin/code/ros2/ros2_humble/install/my_cpp_package/share/ament_index/resource_index/parent_prefix_path/my_cpp_package
-- Up-to-date: /Users/swin/code/ros2/ros2_humble/install/my_cpp_package/share/my_cpp_package/environment/ament_prefix_path.sh
-- Up-to-date: /Users/swin/code/ros2/ros2_humble/install/my_cpp_package/share/my_cpp_package/environment/ament_prefix_path.dsv
-- Up-to-date: /Users/swin/code/ros2/ros2_humble/install/my_cpp_package/share/my_cpp_package/environment/path.sh
-- Up-to-date: /Users/swin/code/ros2/ros2_humble/install/my_cpp_package/share/my_cpp_package/environment/path.dsv
-- Up-to-date: /Users/swin/code/ros2/ros2_humble/install/my_cpp_package/share/my_cpp_package/local_setup.bash
-- Up-to-date: /Users/swin/code/ros2/ros2_humble/install/my_cpp_package/share/my_cpp_package/local_setup.sh
-- Up-to-date: /Users/swin/code/ros2/ros2_humble/install/my_cpp_package/share/my_cpp_package/local_setup.zsh
-- Up-to-date: /Users/swin/code/ros2/ros2_humble/install/my_cpp_package/share/my_cpp_package/local_setup.dsv
-- Installing: /Users/swin/code/ros2/ros2_humble/install/my_cpp_package/share/my_cpp_package/package.dsv
-- Up-to-date: /Users/swin/code/ros2/ros2_humble/install/my_cpp_package/share/ament_index/resource_index/packages/my_cpp_package
-- Up-to-date: /Users/swin/code/ros2/ros2_humble/install/my_cpp_package/share/my_cpp_package/cmake/my_cpp_packageConfig.cmake
-- Up-to-date: /Users/swin/code/ros2/ros2_humble/install/my_cpp_package/share/my_cpp_package/cmake/my_cpp_packageConfig-version.cmake
-- Up-to-date: /Users/swin/code/ros2/ros2_humble/install/my_cpp_package/share/my_cpp_package/package.xml
