[0.015s] Invoking command in '/Users/swin/code/ros2/ros2_humble/build/rtmp_drone': CMAKE_PREFIX_PATH=/Users/swin/code/ros2/ros2_humble/.pixi/envs/default PIXI_PROMPT=(ros2_humble) SHLVL=2 _=/usr/bin/env /Users/swin/code/ros2/ros2_humble/.pixi/envs/default/bin/cmake /Users/swin/code/ros2/ros2_humble/src/rtmp_drone -DCMAKE_INSTALL_PREFIX=/Users/swin/code/ros2/ros2_humble/install/rtmp_drone
[1.451s] CMake Deprecation Warning at CMakeLists.txt:1 (cmake_minimum_required):
[1.451s]   Compatibility with CMake < 3.10 will be removed from a future version of
[1.451s]   CMake.
[1.451s] 
[1.451s]   Update the VERSION argument <min> value.  Or, use the <min>...<max> syntax
[1.451s]   to tell CMake that the project requires at least <min> but has been updated
[1.451s]   to work with policies introduced by <max> or earlier.
[1.451s] 
[1.451s] 
[1.552s] -- The C compiler identification is AppleClang 17.0.0.17000013
[1.613s] -- The CXX compiler identification is AppleClang 17.0.0.17000013
[1.633s] -- Detecting C compiler ABI info
[1.754s] -- Detecting C compiler ABI info - done
[1.765s] -- Check for working C compiler: /usr/bin/cc - skipped
[1.765s] -- Detecting C compile features
[1.765s] -- Detecting C compile features - done
[1.769s] -- Detecting CXX compiler ABI info
[1.893s] -- Detecting CXX compiler ABI info - done
[1.904s] -- Check for working CXX compiler: /usr/bin/c++ - skipped
[1.904s] -- Detecting CXX compile features
[1.904s] -- Detecting CXX compile features - done
[1.915s] -- Found ament_cmake: 1.3.11 (/Users/swin/code/ros2/ros2_humble/.pixi/envs/default/share/ament_cmake/cmake)
[1.990s] -- Found Python3: /Users/swin/code/ros2/ros2_humble/.pixi/envs/default/bin/python3 (found version "3.11.13") found components: Interpreter
[2.113s] -- Found rclcpp: 16.0.11 (/Users/swin/code/ros2/ros2_humble/.pixi/envs/default/share/rclcpp/cmake)
[2.190s] -- Found rosidl_generator_c: 3.1.6 (/Users/swin/code/ros2/ros2_humble/.pixi/envs/default/share/rosidl_generator_c/cmake)
[2.202s] -- Found rosidl_adapter: 3.1.6 (/Users/swin/code/ros2/ros2_humble/.pixi/envs/default/share/rosidl_adapter/cmake)
[2.217s] -- Found rosidl_generator_cpp: 3.1.6 (/Users/swin/code/ros2/ros2_humble/.pixi/envs/default/share/rosidl_generator_cpp/cmake)
[2.235s] -- Using all available rosidl_typesupport_c: rosidl_typesupport_fastrtps_c;rosidl_typesupport_introspection_c
[2.260s] -- Using all available rosidl_typesupport_cpp: rosidl_typesupport_fastrtps_cpp;rosidl_typesupport_introspection_cpp
[3.088s] -- Checking for module 'yaml-0.1'
[3.189s] --   Found yaml-0.1, version 0.2.5
[3.444s] -- Found rmw_implementation_cmake: 6.1.2 (/Users/swin/code/ros2/ros2_humble/.pixi/envs/default/share/rmw_implementation_cmake/cmake)
[3.450s] -- Found rmw_fastrtps_cpp: 6.2.7 (/Users/swin/code/ros2/ros2_humble/.pixi/envs/default/share/rmw_fastrtps_cpp/cmake)
[4.155s] -- Found OpenSSL: /Users/swin/code/ros2/ros2_humble/.pixi/envs/default/lib/libcrypto.dylib (found version "3.5.0")
[4.212s] -- Found FastRTPS: /Users/swin/code/ros2/ros2_humble/.pixi/envs/default/include
[4.257s] -- Using RMW implementation 'rmw_fastrtps_cpp' as default
[4.275s] -- Performing Test CMAKE_HAVE_LIBC_PTHREAD
[4.403s] -- Performing Test CMAKE_HAVE_LIBC_PTHREAD - Success
[4.403s] -- Found Threads: TRUE
[4.447s] -- Found std_msgs: 4.2.4 (/Users/swin/code/ros2/ros2_humble/.pixi/envs/default/share/std_msgs/cmake)
[4.461s] -- Found sensor_msgs: 4.2.4 (/Users/swin/code/ros2/ros2_humble/.pixi/envs/default/share/sensor_msgs/cmake)
[4.494s] -- Found image_transport: 3.1.10 (/Users/swin/code/ros2/ros2_humble/.pixi/envs/default/share/image_transport/cmake)
[4.536s] -- Found OpenCV: /Users/swin/code/ros2/ros2_humble/.pixi/envs/default (found version "4.10.0")
[4.542s] -- Found ament_lint_auto: 0.12.11 (/Users/swin/code/ros2/ros2_humble/.pixi/envs/default/share/ament_lint_auto/cmake)
[4.624s] -- Added test 'cppcheck' to perform static code analysis on C / C++ code
[4.624s] -- Configured cppcheck include dirs: $<BUILD_INTERFACE:/Users/swin/code/ros2/ros2_humble/src/rtmp_drone/include>
[4.624s] -- Configured cppcheck exclude dirs and/or files: 
[4.624s] -- Added test 'lint_cmake' to check CMake code style
[4.625s] -- Added test 'uncrustify' to check C / C++ code style
[4.625s] -- Configured uncrustify additional arguments: 
[4.626s] -- Added test 'xmllint' to check XML markup files
[4.626s] -- Configuring done (3.2s)
[4.651s] -- Generating done (0.0s)
[4.651s] -- Build files have been written to: /Users/swin/code/ros2/ros2_humble/build/rtmp_drone
[4.655s] Invoked command in '/Users/swin/code/ros2/ros2_humble/build/rtmp_drone' returned '0': CMAKE_PREFIX_PATH=/Users/swin/code/ros2/ros2_humble/.pixi/envs/default PIXI_PROMPT=(ros2_humble) SHLVL=2 _=/usr/bin/env /Users/swin/code/ros2/ros2_humble/.pixi/envs/default/bin/cmake /Users/swin/code/ros2/ros2_humble/src/rtmp_drone -DCMAKE_INSTALL_PREFIX=/Users/swin/code/ros2/ros2_humble/install/rtmp_drone
[4.655s] Invoking command in '/Users/swin/code/ros2/ros2_humble/build/rtmp_drone': CMAKE_PREFIX_PATH=/Users/swin/code/ros2/ros2_humble/.pixi/envs/default PIXI_PROMPT=(ros2_humble) SHLVL=2 _=/usr/bin/env /Users/swin/code/ros2/ros2_humble/.pixi/envs/default/bin/cmake --build /Users/swin/code/ros2/ros2_humble/build/rtmp_drone -- -j10 -l10
[4.714s] [ 50%] Building CXX object CMakeFiles/drone_img.dir/src/drone_img.cpp.o
[4.754s] [100%] Linking CXX executable drone_img
[4.809s] [100%] Built target drone_img
[4.818s] Invoked command in '/Users/swin/code/ros2/ros2_humble/build/rtmp_drone' returned '0': CMAKE_PREFIX_PATH=/Users/swin/code/ros2/ros2_humble/.pixi/envs/default PIXI_PROMPT=(ros2_humble) SHLVL=2 _=/usr/bin/env /Users/swin/code/ros2/ros2_humble/.pixi/envs/default/bin/cmake --build /Users/swin/code/ros2/ros2_humble/build/rtmp_drone -- -j10 -l10
[4.881s] Invoking command in '/Users/swin/code/ros2/ros2_humble/build/rtmp_drone': CMAKE_PREFIX_PATH=/Users/swin/code/ros2/ros2_humble/.pixi/envs/default PIXI_PROMPT=(ros2_humble) SHLVL=2 _=/usr/bin/env /Users/swin/code/ros2/ros2_humble/.pixi/envs/default/bin/cmake --install /Users/swin/code/ros2/ros2_humble/build/rtmp_drone
[4.890s] -- Install configuration: ""
[4.890s] -- Installing: /Users/swin/code/ros2/ros2_humble/install/rtmp_drone/lib/rtmp_drone/drone_img
[4.897s] -- Installing: /Users/swin/code/ros2/ros2_humble/install/rtmp_drone/share/ament_index/resource_index/package_run_dependencies/rtmp_drone
[4.897s] -- Installing: /Users/swin/code/ros2/ros2_humble/install/rtmp_drone/share/ament_index/resource_index/parent_prefix_path/rtmp_drone
[4.897s] -- Installing: /Users/swin/code/ros2/ros2_humble/install/rtmp_drone/share/rtmp_drone/environment/ament_prefix_path.sh
[4.898s] -- Installing: /Users/swin/code/ros2/ros2_humble/install/rtmp_drone/share/rtmp_drone/environment/ament_prefix_path.dsv
[4.898s] -- Installing: /Users/swin/code/ros2/ros2_humble/install/rtmp_drone/share/rtmp_drone/environment/path.sh
[4.898s] -- Installing: /Users/swin/code/ros2/ros2_humble/install/rtmp_drone/share/rtmp_drone/environment/path.dsv
[4.898s] -- Installing: /Users/swin/code/ros2/ros2_humble/install/rtmp_drone/share/rtmp_drone/local_setup.bash
[4.898s] -- Installing: /Users/swin/code/ros2/ros2_humble/install/rtmp_drone/share/rtmp_drone/local_setup.sh
[4.898s] -- Installing: /Users/swin/code/ros2/ros2_humble/install/rtmp_drone/share/rtmp_drone/local_setup.zsh
[4.898s] -- Installing: /Users/swin/code/ros2/ros2_humble/install/rtmp_drone/share/rtmp_drone/local_setup.dsv
[4.898s] -- Installing: /Users/swin/code/ros2/ros2_humble/install/rtmp_drone/share/rtmp_drone/package.dsv
[4.899s] -- Installing: /Users/swin/code/ros2/ros2_humble/install/rtmp_drone/share/ament_index/resource_index/packages/rtmp_drone
[4.899s] -- Installing: /Users/swin/code/ros2/ros2_humble/install/rtmp_drone/share/rtmp_drone/cmake/rtmp_droneConfig.cmake
[4.899s] -- Installing: /Users/swin/code/ros2/ros2_humble/install/rtmp_drone/share/rtmp_drone/cmake/rtmp_droneConfig-version.cmake
[4.899s] -- Installing: /Users/swin/code/ros2/ros2_humble/install/rtmp_drone/share/rtmp_drone/package.xml
[4.900s] Invoked command in '/Users/swin/code/ros2/ros2_humble/build/rtmp_drone' returned '0': CMAKE_PREFIX_PATH=/Users/swin/code/ros2/ros2_humble/.pixi/envs/default PIXI_PROMPT=(ros2_humble) SHLVL=2 _=/usr/bin/env /Users/swin/code/ros2/ros2_humble/.pixi/envs/default/bin/cmake --install /Users/swin/code/ros2/ros2_humble/build/rtmp_drone
