[0/1] Re-running CMake...
CMake Deprecation Warning at CMakeLists.txt:1 (cmake_minimum_required):
  Compatibility with CMake < 3.10 will be removed from a future version of
  CMake.

  Update the VERSION argument <min> value.  Or, use the <min>...<max> syntax
  to tell CMake that the project requires at least <min> but has been updated
  to work with policies introduced by <max> or earlier.


-- Found ament_cmake: 1.3.11 (/Users/swin/code/ros2/ros2_humble/.pixi/envs/default/share/ament_cmake/cmake)
-- Found rclcpp: 16.0.11 (/Users/swin/code/ros2/ros2_humble/.pixi/envs/default/share/rclcpp/cmake)
-- Found rosidl_generator_c: 3.1.6 (/Users/swin/code/ros2/ros2_humble/.pixi/envs/default/share/rosidl_generator_c/cmake)
-- Found rosidl_adapter: 3.1.6 (/Users/swin/code/ros2/ros2_humble/.pixi/envs/default/share/rosidl_adapter/cmake)
-- Found rosidl_generator_cpp: 3.1.6 (/Users/swin/code/ros2/ros2_humble/.pixi/envs/default/share/rosidl_generator_cpp/cmake)
-- Using all available rosidl_typesupport_c: rosidl_typesupport_fastrtps_c;rosidl_typesupport_introspection_c
-- Using all available rosidl_typesupport_cpp: rosidl_typesupport_fastrtps_cpp;rosidl_typesupport_introspection_cpp
-- Found rmw_implementation_cmake: 6.1.2 (/Users/swin/code/ros2/ros2_humble/.pixi/envs/default/share/rmw_implementation_cmake/cmake)
-- Found rmw_fastrtps_cpp: 6.2.7 (/Users/swin/code/ros2/ros2_humble/.pixi/envs/default/share/rmw_fastrtps_cpp/cmake)
-- Using RMW implementation 'rmw_fastrtps_cpp' as default
-- Found OpenCV: /Users/swin/code/ros2/ros2_humble/.pixi/envs/default (found version "4.10.0")
-- Configuring done (0.4s)
-- Generating done (0.0s)
-- Build files have been written to: /Users/swin/code/ros2/ros2_humble/build/my_cpp_package
[1/3] Building CXX object CMakeFiles/my_node.dir/src/my_node.cpp.o
[2/3] Linking CXX executable my_node
ld: warning: duplicate -rpath '/Users/swin/code/ros2/ros2_humble/.pixi/envs/default/lib' ignored
-- Install configuration: ""
-- Installing: /Users/swin/code/ros2/ros2_humble/install/my_cpp_package/lib/my_cpp_package/my_node
/Users/swin/code/ros2/ros2_humble/.pixi/envs/default/bin/install_name_tool: warning: changes being made to the file will invalidate the code signature in: /Users/swin/code/ros2/ros2_humble/install/my_cpp_package/lib/my_cpp_package/my_node
[cctools-port]: generating fake signature for '/Users/swin/code/ros2/ros2_humble/install/my_cpp_package/lib/my_cpp_package/my_node'
-- Up-to-date: /Users/swin/code/ros2/ros2_humble/install/my_cpp_package/share/ament_index/resource_index/package_run_dependencies/my_cpp_package
-- Installing: /Users/swin/code/ros2/ros2_humble/install/my_cpp_package/share/ament_index/resource_index/parent_prefix_path/my_cpp_package
-- Up-to-date: /Users/swin/code/ros2/ros2_humble/install/my_cpp_package/share/my_cpp_package/environment/ament_prefix_path.sh
-- Installing: /Users/swin/code/ros2/ros2_humble/install/my_cpp_package/share/my_cpp_package/environment/ament_prefix_path.dsv
-- Up-to-date: /Users/swin/code/ros2/ros2_humble/install/my_cpp_package/share/my_cpp_package/environment/path.sh
-- Installing: /Users/swin/code/ros2/ros2_humble/install/my_cpp_package/share/my_cpp_package/environment/path.dsv
-- Up-to-date: /Users/swin/code/ros2/ros2_humble/install/my_cpp_package/share/my_cpp_package/local_setup.bash
-- Up-to-date: /Users/swin/code/ros2/ros2_humble/install/my_cpp_package/share/my_cpp_package/local_setup.sh
-- Up-to-date: /Users/swin/code/ros2/ros2_humble/install/my_cpp_package/share/my_cpp_package/local_setup.zsh
-- Installing: /Users/swin/code/ros2/ros2_humble/install/my_cpp_package/share/my_cpp_package/local_setup.dsv
-- Installing: /Users/swin/code/ros2/ros2_humble/install/my_cpp_package/share/my_cpp_package/package.dsv
-- Up-to-date: /Users/swin/code/ros2/ros2_humble/install/my_cpp_package/share/ament_index/resource_index/packages/my_cpp_package
-- Up-to-date: /Users/swin/code/ros2/ros2_humble/install/my_cpp_package/share/my_cpp_package/cmake/my_cpp_packageConfig.cmake
-- Up-to-date: /Users/swin/code/ros2/ros2_humble/install/my_cpp_package/share/my_cpp_package/cmake/my_cpp_packageConfig-version.cmake
-- Up-to-date: /Users/swin/code/ros2/ros2_humble/install/my_cpp_package/share/my_cpp_package/package.xml
