[0.011s] Invoking command in '/Users/swin/code/ros2/ros2_humble/build/my_cpp_package': PIXI_PROMPT=(ros2_humble) SHLVL=3 _=/usr/bin/env /Users/swin/code/ros2/ros2_humble/.pixi/envs/default/bin/cmake --build /Users/swin/code/ros2/ros2_humble/build/my_cpp_package -- -j10 -l10
[0.024s] [0/1] Re-running CMake...
[0.038s] CMake Deprecation Warning at CMakeLists.txt:1 (cmake_minimum_required):
[0.038s]   Compatibility with CMake < 3.10 will be removed from a future version of
[0.038s]   CMake.
[0.038s] 
[0.038s]   Update the VERSION argument <min> value.  Or, use the <min>...<max> syntax
[0.038s]   to tell CMake that the project requires at least <min> but has been updated
[0.038s]   to work with policies introduced by <max> or earlier.
[0.038s] 
[0.038s] 
[0.068s] -- Found ament_cmake: 1.3.11 (/Users/swin/code/ros2/ros2_humble/.pixi/envs/default/share/ament_cmake/cmake)
[0.163s] -- Found rclcpp: 16.0.11 (/Users/swin/code/ros2/ros2_humble/.pixi/envs/default/share/rclcpp/cmake)
[0.178s] -- Found rosidl_generator_c: 3.1.6 (/Users/swin/code/ros2/ros2_humble/.pixi/envs/default/share/rosidl_generator_c/cmake)
[0.180s] -- Found rosidl_adapter: 3.1.6 (/Users/swin/code/ros2/ros2_humble/.pixi/envs/default/share/rosidl_adapter/cmake)
[0.183s] -- Found rosidl_generator_cpp: 3.1.6 (/Users/swin/code/ros2/ros2_humble/.pixi/envs/default/share/rosidl_generator_cpp/cmake)
[0.189s] -- Using all available rosidl_typesupport_c: rosidl_typesupport_fastrtps_c;rosidl_typesupport_introspection_c
[0.197s] -- Using all available rosidl_typesupport_cpp: rosidl_typesupport_fastrtps_cpp;rosidl_typesupport_introspection_cpp
[0.250s] -- Found rmw_implementation_cmake: 6.1.2 (/Users/swin/code/ros2/ros2_humble/.pixi/envs/default/share/rmw_implementation_cmake/cmake)
[0.251s] -- Found rmw_fastrtps_cpp: 6.2.7 (/Users/swin/code/ros2/ros2_humble/.pixi/envs/default/share/rmw_fastrtps_cpp/cmake)
[0.357s] -- Using RMW implementation 'rmw_fastrtps_cpp' as default
[0.389s] -- Found OpenCV: /Users/swin/code/ros2/ros2_humble/.pixi/envs/default (found version "4.10.0")
[0.429s] -- Configuring done (0.4s)
[0.445s] -- Generating done (0.0s)
[0.445s] -- Build files have been written to: /Users/swin/code/ros2/ros2_humble/build/my_cpp_package
[1.395s] [1/3] Building CXX object CMakeFiles/my_node.dir/src/my_node.cpp.o
[1.447s] [2/3] Linking CXX executable my_node
[1.447s] ld: warning: duplicate -rpath '/Users/swin/code/ros2/ros2_humble/.pixi/envs/default/lib' ignored
[1.449s] Invoked command in '/Users/swin/code/ros2/ros2_humble/build/my_cpp_package' returned '0': PIXI_PROMPT=(ros2_humble) SHLVL=3 _=/usr/bin/env /Users/swin/code/ros2/ros2_humble/.pixi/envs/default/bin/cmake --build /Users/swin/code/ros2/ros2_humble/build/my_cpp_package -- -j10 -l10
[1.482s] Invoking command in '/Users/swin/code/ros2/ros2_humble/build/my_cpp_package': PIXI_PROMPT=(ros2_humble) SHLVL=3 _=/usr/bin/env /Users/swin/code/ros2/ros2_humble/.pixi/envs/default/bin/cmake --install /Users/swin/code/ros2/ros2_humble/build/my_cpp_package
[1.492s] -- Install configuration: ""
[1.492s] -- Installing: /Users/swin/code/ros2/ros2_humble/install/my_cpp_package/lib/my_cpp_package/my_node
[1.494s] /Users/swin/code/ros2/ros2_humble/.pixi/envs/default/bin/install_name_tool: warning: changes being made to the file will invalidate the code signature in: /Users/swin/code/ros2/ros2_humble/install/my_cpp_package/lib/my_cpp_package/my_node
[1.494s] [cctools-port]: generating fake signature for '/Users/swin/code/ros2/ros2_humble/install/my_cpp_package/lib/my_cpp_package/my_node'
[1.504s] -- Up-to-date: /Users/swin/code/ros2/ros2_humble/install/my_cpp_package/share/ament_index/resource_index/package_run_dependencies/my_cpp_package
[1.504s] -- Installing: /Users/swin/code/ros2/ros2_humble/install/my_cpp_package/share/ament_index/resource_index/parent_prefix_path/my_cpp_package
[1.505s] -- Up-to-date: /Users/swin/code/ros2/ros2_humble/install/my_cpp_package/share/my_cpp_package/environment/ament_prefix_path.sh
[1.505s] -- Installing: /Users/swin/code/ros2/ros2_humble/install/my_cpp_package/share/my_cpp_package/environment/ament_prefix_path.dsv
[1.505s] -- Up-to-date: /Users/swin/code/ros2/ros2_humble/install/my_cpp_package/share/my_cpp_package/environment/path.sh
[1.505s] -- Installing: /Users/swin/code/ros2/ros2_humble/install/my_cpp_package/share/my_cpp_package/environment/path.dsv
[1.505s] -- Up-to-date: /Users/swin/code/ros2/ros2_humble/install/my_cpp_package/share/my_cpp_package/local_setup.bash
[1.505s] -- Up-to-date: /Users/swin/code/ros2/ros2_humble/install/my_cpp_package/share/my_cpp_package/local_setup.sh
[1.505s] -- Up-to-date: /Users/swin/code/ros2/ros2_humble/install/my_cpp_package/share/my_cpp_package/local_setup.zsh
[1.505s] -- Installing: /Users/swin/code/ros2/ros2_humble/install/my_cpp_package/share/my_cpp_package/local_setup.dsv
[1.505s] -- Installing: /Users/swin/code/ros2/ros2_humble/install/my_cpp_package/share/my_cpp_package/package.dsv
[1.505s] -- Up-to-date: /Users/swin/code/ros2/ros2_humble/install/my_cpp_package/share/ament_index/resource_index/packages/my_cpp_package
[1.505s] -- Up-to-date: /Users/swin/code/ros2/ros2_humble/install/my_cpp_package/share/my_cpp_package/cmake/my_cpp_packageConfig.cmake
[1.506s] -- Up-to-date: /Users/swin/code/ros2/ros2_humble/install/my_cpp_package/share/my_cpp_package/cmake/my_cpp_packageConfig-version.cmake
[1.506s] -- Up-to-date: /Users/swin/code/ros2/ros2_humble/install/my_cpp_package/share/my_cpp_package/package.xml
[1.507s] Invoked command in '/Users/swin/code/ros2/ros2_humble/build/my_cpp_package' returned '0': PIXI_PROMPT=(ros2_humble) SHLVL=3 _=/usr/bin/env /Users/swin/code/ros2/ros2_humble/.pixi/envs/default/bin/cmake --install /Users/swin/code/ros2/ros2_humble/build/my_cpp_package
