[0.011s] Invoking command in '/Users/swin/code/ros2/ros2_humble/build/my_cpp_package': PIXI_PROMPT=(ros2_humble) SHLVL=3 _=/usr/bin/env /Users/swin/code/ros2/ros2_humble/.pixi/envs/default/bin/cmake --build /Users/swin/code/ros2/ros2_humble/build/my_cpp_package -- -j10 -l10
[1.827s] [1/2] Building CXX object CMakeFiles/my_node.dir/src/my_node.cpp.o
[1.870s] [2/2] Linking CXX executable my_node
[1.870s] ld: warning: duplicate -rpath '/Users/swin/code/ros2/ros2_humble/.pixi/envs/default/lib' ignored
[1.872s] Invoked command in '/Users/swin/code/ros2/ros2_humble/build/my_cpp_package' returned '0': PIXI_PROMPT=(ros2_humble) SHLVL=3 _=/usr/bin/env /Users/swin/code/ros2/ros2_humble/.pixi/envs/default/bin/cmake --build /Users/swin/code/ros2/ros2_humble/build/my_cpp_package -- -j10 -l10
[1.904s] Invoking command in '/Users/swin/code/ros2/ros2_humble/build/my_cpp_package': PIXI_PROMPT=(ros2_humble) SHLVL=3 _=/usr/bin/env /Users/swin/code/ros2/ros2_humble/.pixi/envs/default/bin/cmake --install /Users/swin/code/ros2/ros2_humble/build/my_cpp_package
[1.911s] -- Install configuration: ""
[1.912s] -- Installing: /Users/swin/code/ros2/ros2_humble/install/my_cpp_package/lib/my_cpp_package/my_node
[1.913s] /Users/swin/code/ros2/ros2_humble/.pixi/envs/default/bin/install_name_tool: warning: changes being made to the file will invalidate the code signature in: /Users/swin/code/ros2/ros2_humble/install/my_cpp_package/lib/my_cpp_package/my_node
[1.914s] [cctools-port]: generating fake signature for '/Users/swin/code/ros2/ros2_humble/install/my_cpp_package/lib/my_cpp_package/my_node'
[1.922s] -- Up-to-date: /Users/swin/code/ros2/ros2_humble/install/my_cpp_package/share/ament_index/resource_index/package_run_dependencies/my_cpp_package
[1.922s] -- Up-to-date: /Users/swin/code/ros2/ros2_humble/install/my_cpp_package/share/ament_index/resource_index/parent_prefix_path/my_cpp_package
[1.922s] -- Up-to-date: /Users/swin/code/ros2/ros2_humble/install/my_cpp_package/share/my_cpp_package/environment/ament_prefix_path.sh
[1.922s] -- Up-to-date: /Users/swin/code/ros2/ros2_humble/install/my_cpp_package/share/my_cpp_package/environment/ament_prefix_path.dsv
[1.922s] -- Up-to-date: /Users/swin/code/ros2/ros2_humble/install/my_cpp_package/share/my_cpp_package/environment/path.sh
[1.922s] -- Up-to-date: /Users/swin/code/ros2/ros2_humble/install/my_cpp_package/share/my_cpp_package/environment/path.dsv
[1.922s] -- Up-to-date: /Users/swin/code/ros2/ros2_humble/install/my_cpp_package/share/my_cpp_package/local_setup.bash
[1.922s] -- Up-to-date: /Users/swin/code/ros2/ros2_humble/install/my_cpp_package/share/my_cpp_package/local_setup.sh
[1.922s] -- Up-to-date: /Users/swin/code/ros2/ros2_humble/install/my_cpp_package/share/my_cpp_package/local_setup.zsh
[1.922s] -- Up-to-date: /Users/swin/code/ros2/ros2_humble/install/my_cpp_package/share/my_cpp_package/local_setup.dsv
[1.922s] -- Installing: /Users/swin/code/ros2/ros2_humble/install/my_cpp_package/share/my_cpp_package/package.dsv
[1.922s] -- Up-to-date: /Users/swin/code/ros2/ros2_humble/install/my_cpp_package/share/ament_index/resource_index/packages/my_cpp_package
[1.922s] -- Up-to-date: /Users/swin/code/ros2/ros2_humble/install/my_cpp_package/share/my_cpp_package/cmake/my_cpp_packageConfig.cmake
[1.922s] -- Up-to-date: /Users/swin/code/ros2/ros2_humble/install/my_cpp_package/share/my_cpp_package/cmake/my_cpp_packageConfig-version.cmake
[1.922s] -- Up-to-date: /Users/swin/code/ros2/ros2_humble/install/my_cpp_package/share/my_cpp_package/package.xml
[1.923s] Invoked command in '/Users/swin/code/ros2/ros2_humble/build/my_cpp_package' returned '0': PIXI_PROMPT=(ros2_humble) SHLVL=3 _=/usr/bin/env /Users/swin/code/ros2/ros2_humble/.pixi/envs/default/bin/cmake --install /Users/swin/code/ros2/ros2_humble/build/my_cpp_package
