-- Found ament_cmake: 1.3.11 (/Users/swin/code/ros2/ros2_humble/.pixi/envs/default/share/ament_cmake/cmake)
-- Found rclcpp: 16.0.11 (/Users/swin/code/ros2/ros2_humble/.pixi/envs/default/share/rclcpp/cmake)
-- Found rosidl_generator_c: 3.1.6 (/Users/swin/code/ros2/ros2_humble/.pixi/envs/default/share/rosidl_generator_c/cmake)
-- Found rosidl_adapter: 3.1.6 (/Users/swin/code/ros2/ros2_humble/.pixi/envs/default/share/rosidl_adapter/cmake)
-- Found rosidl_generator_cpp: 3.1.6 (/Users/swin/code/ros2/ros2_humble/.pixi/envs/default/share/rosidl_generator_cpp/cmake)
-- Using all available rosidl_typesupport_c: rosidl_typesupport_fastrtps_c;rosidl_typesupport_introspection_c
-- Using all available rosidl_typesupport_cpp: rosidl_typesupport_fastrtps_cpp;rosidl_typesupport_introspection_cpp
-- Found rmw_implementation_cmake: 6.1.2 (/Users/swin/code/ros2/ros2_humble/.pixi/envs/default/share/rmw_implementation_cmake/cmake)
-- Found rmw_fastrtps_cpp: 6.2.7 (/Users/swin/code/ros2/ros2_humble/.pixi/envs/default/share/rmw_fastrtps_cpp/cmake)
-- Using RMW implementation 'rmw_fastrtps_cpp' as default
-- Found std_msgs: 4.2.4 (/Users/swin/code/ros2/ros2_humble/.pixi/envs/default/share/std_msgs/cmake)
-- Found ament_lint_auto: 0.12.11 (/Users/swin/code/ros2/ros2_humble/.pixi/envs/default/share/ament_lint_auto/cmake)
-- Added test 'cppcheck' to perform static code analysis on C / C++ code
-- Configured cppcheck include dirs: $<BUILD_INTERFACE:/Users/swin/code/ros2/ros2_humble/src/rtmp_uav_img_pub/include>
-- Configured cppcheck exclude dirs and/or files: 
-- Added test 'lint_cmake' to check CMake code style
-- Added test 'uncrustify' to check C / C++ code style
-- Configured uncrustify additional arguments: 
-- Added test 'xmllint' to check XML markup files
-- Configuring done (0.4s)
-- Generating done (0.0s)
-- Build files have been written to: /Users/swin/code/ros2/ros2_humble/build/rtmp_uav_img_pub
[100%] Built target drone_img
-- Install configuration: ""
-- Up-to-date: /Users/swin/code/ros2/ros2_humble/install/rtmp_uav_img_pub/lib/rtmp_uav_img_pub/drone_img
-- Up-to-date: /Users/swin/code/ros2/ros2_humble/install/rtmp_uav_img_pub/share/ament_index/resource_index/package_run_dependencies/rtmp_uav_img_pub
-- Installing: /Users/swin/code/ros2/ros2_humble/install/rtmp_uav_img_pub/share/ament_index/resource_index/parent_prefix_path/rtmp_uav_img_pub
-- Up-to-date: /Users/swin/code/ros2/ros2_humble/install/rtmp_uav_img_pub/share/rtmp_uav_img_pub/environment/ament_prefix_path.sh
-- Installing: /Users/swin/code/ros2/ros2_humble/install/rtmp_uav_img_pub/share/rtmp_uav_img_pub/environment/ament_prefix_path.dsv
-- Up-to-date: /Users/swin/code/ros2/ros2_humble/install/rtmp_uav_img_pub/share/rtmp_uav_img_pub/environment/path.sh
-- Installing: /Users/swin/code/ros2/ros2_humble/install/rtmp_uav_img_pub/share/rtmp_uav_img_pub/environment/path.dsv
-- Up-to-date: /Users/swin/code/ros2/ros2_humble/install/rtmp_uav_img_pub/share/rtmp_uav_img_pub/local_setup.bash
-- Up-to-date: /Users/swin/code/ros2/ros2_humble/install/rtmp_uav_img_pub/share/rtmp_uav_img_pub/local_setup.sh
-- Up-to-date: /Users/swin/code/ros2/ros2_humble/install/rtmp_uav_img_pub/share/rtmp_uav_img_pub/local_setup.zsh
-- Installing: /Users/swin/code/ros2/ros2_humble/install/rtmp_uav_img_pub/share/rtmp_uav_img_pub/local_setup.dsv
-- Installing: /Users/swin/code/ros2/ros2_humble/install/rtmp_uav_img_pub/share/rtmp_uav_img_pub/package.dsv
-- Up-to-date: /Users/swin/code/ros2/ros2_humble/install/rtmp_uav_img_pub/share/ament_index/resource_index/packages/rtmp_uav_img_pub
-- Up-to-date: /Users/swin/code/ros2/ros2_humble/install/rtmp_uav_img_pub/share/rtmp_uav_img_pub/cmake/rtmp_uav_img_pubConfig.cmake
-- Up-to-date: /Users/swin/code/ros2/ros2_humble/install/rtmp_uav_img_pub/share/rtmp_uav_img_pub/cmake/rtmp_uav_img_pubConfig-version.cmake
-- Up-to-date: /Users/swin/code/ros2/ros2_humble/install/rtmp_uav_img_pub/share/rtmp_uav_img_pub/package.xml
