[0.010s] Invoking command in '/Users/swin/code/ros2/ros2_humble/build/rtmp_uav_img_pub': CMAKE_PREFIX_PATH=${CMAKE_PREFIX_PATH}:/Users/swin/code/ros2/ros2_humble/.pixi/envs/default PIXI_PROMPT=(ros2_humble) SHLVL=3 _=/usr/bin/env /Users/swin/code/ros2/ros2_humble/.pixi/envs/default/bin/cmake --build /Users/swin/code/ros2/ros2_humble/build/rtmp_uav_img_pub -- -j10 -l10
[0.037s] CMake Deprecation Warning at CMakeLists.txt:1 (cmake_minimum_required):
[0.037s]   Compatibility with CMake < 3.10 will be removed from a future version of
[0.037s]   CMake.
[0.037s] 
[0.037s]   Update the VERSION argument <min> value.  Or, use the <min>...<max> syntax
[0.037s]   to tell CMake that the project requires at least <min> but has been updated
[0.037s]   to work with policies introduced by <max> or earlier.
[0.037s] 
[0.037s] 
[0.069s] -- Found ament_cmake: 1.3.11 (/Users/swin/code/ros2/ros2_humble/.pixi/envs/default/share/ament_cmake/cmake)
[0.164s] -- Found rclcpp: 16.0.11 (/Users/swin/code/ros2/ros2_humble/.pixi/envs/default/share/rclcpp/cmake)
[0.179s] -- Found rosidl_generator_c: 3.1.6 (/Users/swin/code/ros2/ros2_humble/.pixi/envs/default/share/rosidl_generator_c/cmake)
[0.180s] -- Found rosidl_adapter: 3.1.6 (/Users/swin/code/ros2/ros2_humble/.pixi/envs/default/share/rosidl_adapter/cmake)
[0.184s] -- Found rosidl_generator_cpp: 3.1.6 (/Users/swin/code/ros2/ros2_humble/.pixi/envs/default/share/rosidl_generator_cpp/cmake)
[0.189s] -- Using all available rosidl_typesupport_c: rosidl_typesupport_fastrtps_c;rosidl_typesupport_introspection_c
[0.197s] -- Using all available rosidl_typesupport_cpp: rosidl_typesupport_fastrtps_cpp;rosidl_typesupport_introspection_cpp
[0.248s] -- Found rmw_implementation_cmake: 6.1.2 (/Users/swin/code/ros2/ros2_humble/.pixi/envs/default/share/rmw_implementation_cmake/cmake)
[0.249s] -- Found rmw_fastrtps_cpp: 6.2.7 (/Users/swin/code/ros2/ros2_humble/.pixi/envs/default/share/rmw_fastrtps_cpp/cmake)
[0.352s] -- Using RMW implementation 'rmw_fastrtps_cpp' as default
[0.375s] -- Found std_msgs: 4.2.4 (/Users/swin/code/ros2/ros2_humble/.pixi/envs/default/share/std_msgs/cmake)
[0.383s] -- Found ament_lint_auto: 0.12.11 (/Users/swin/code/ros2/ros2_humble/.pixi/envs/default/share/ament_lint_auto/cmake)
[0.424s] -- Added test 'cppcheck' to perform static code analysis on C / C++ code
[0.425s] -- Configured cppcheck include dirs: $<BUILD_INTERFACE:/Users/swin/code/ros2/ros2_humble/src/rtmp_uav_img_pub/include>
[0.425s] -- Configured cppcheck exclude dirs and/or files: 
[0.425s] -- Added test 'lint_cmake' to check CMake code style
[0.425s] -- Added test 'uncrustify' to check C / C++ code style
[0.425s] -- Configured uncrustify additional arguments: 
[0.425s] -- Added test 'xmllint' to check XML markup files
[0.426s] -- Configuring done (0.4s)
[0.445s] -- Generating done (0.0s)
[0.445s] -- Build files have been written to: /Users/swin/code/ros2/ros2_humble/build/rtmp_uav_img_pub
[0.481s] [100%] Built target drone_img
[0.491s] Invoked command in '/Users/swin/code/ros2/ros2_humble/build/rtmp_uav_img_pub' returned '0': CMAKE_PREFIX_PATH=${CMAKE_PREFIX_PATH}:/Users/swin/code/ros2/ros2_humble/.pixi/envs/default PIXI_PROMPT=(ros2_humble) SHLVL=3 _=/usr/bin/env /Users/swin/code/ros2/ros2_humble/.pixi/envs/default/bin/cmake --build /Users/swin/code/ros2/ros2_humble/build/rtmp_uav_img_pub -- -j10 -l10
[0.556s] Invoking command in '/Users/swin/code/ros2/ros2_humble/build/rtmp_uav_img_pub': CMAKE_PREFIX_PATH=${CMAKE_PREFIX_PATH}:/Users/swin/code/ros2/ros2_humble/.pixi/envs/default PIXI_PROMPT=(ros2_humble) SHLVL=3 _=/usr/bin/env /Users/swin/code/ros2/ros2_humble/.pixi/envs/default/bin/cmake --install /Users/swin/code/ros2/ros2_humble/build/rtmp_uav_img_pub
[0.565s] -- Install configuration: ""
[0.565s] -- Up-to-date: /Users/swin/code/ros2/ros2_humble/install/rtmp_uav_img_pub/lib/rtmp_uav_img_pub/drone_img
[0.570s] error: /Library/Developer/CommandLineTools/usr/bin/install_name_tool: no LC_RPATH load command with path: /Users/swin/code/ros2/ros2_humble/.pixi/envs/default/lib found in: /Users/swin/code/ros2/ros2_humble/install/rtmp_uav_img_pub/lib/rtmp_uav_img_pub/drone_img (for architecture arm64), required for specified option "-delete_rpath /Users/swin/code/ros2/ros2_humble/.pixi/envs/default/lib"
[0.571s] -- Up-to-date: /Users/swin/code/ros2/ros2_humble/install/rtmp_uav_img_pub/share/ament_index/resource_index/package_run_dependencies/rtmp_uav_img_pub
[0.571s] -- Installing: /Users/swin/code/ros2/ros2_humble/install/rtmp_uav_img_pub/share/ament_index/resource_index/parent_prefix_path/rtmp_uav_img_pub
[0.571s] -- Up-to-date: /Users/swin/code/ros2/ros2_humble/install/rtmp_uav_img_pub/share/rtmp_uav_img_pub/environment/ament_prefix_path.sh
[0.571s] -- Installing: /Users/swin/code/ros2/ros2_humble/install/rtmp_uav_img_pub/share/rtmp_uav_img_pub/environment/ament_prefix_path.dsv
[0.571s] -- Up-to-date: /Users/swin/code/ros2/ros2_humble/install/rtmp_uav_img_pub/share/rtmp_uav_img_pub/environment/path.sh
[0.571s] -- Installing: /Users/swin/code/ros2/ros2_humble/install/rtmp_uav_img_pub/share/rtmp_uav_img_pub/environment/path.dsv
[0.571s] -- Up-to-date: /Users/swin/code/ros2/ros2_humble/install/rtmp_uav_img_pub/share/rtmp_uav_img_pub/local_setup.bash
[0.572s] -- Up-to-date: /Users/swin/code/ros2/ros2_humble/install/rtmp_uav_img_pub/share/rtmp_uav_img_pub/local_setup.sh
[0.572s] -- Up-to-date: /Users/swin/code/ros2/ros2_humble/install/rtmp_uav_img_pub/share/rtmp_uav_img_pub/local_setup.zsh
[0.572s] -- Installing: /Users/swin/code/ros2/ros2_humble/install/rtmp_uav_img_pub/share/rtmp_uav_img_pub/local_setup.dsv
[0.572s] -- Installing: /Users/swin/code/ros2/ros2_humble/install/rtmp_uav_img_pub/share/rtmp_uav_img_pub/package.dsv
[0.572s] -- Up-to-date: /Users/swin/code/ros2/ros2_humble/install/rtmp_uav_img_pub/share/ament_index/resource_index/packages/rtmp_uav_img_pub
[0.572s] -- Up-to-date: /Users/swin/code/ros2/ros2_humble/install/rtmp_uav_img_pub/share/rtmp_uav_img_pub/cmake/rtmp_uav_img_pubConfig.cmake
[0.572s] -- Up-to-date: /Users/swin/code/ros2/ros2_humble/install/rtmp_uav_img_pub/share/rtmp_uav_img_pub/cmake/rtmp_uav_img_pubConfig-version.cmake
[0.572s] -- Up-to-date: /Users/swin/code/ros2/ros2_humble/install/rtmp_uav_img_pub/share/rtmp_uav_img_pub/package.xml
[0.573s] Invoked command in '/Users/swin/code/ros2/ros2_humble/build/rtmp_uav_img_pub' returned '0': CMAKE_PREFIX_PATH=${CMAKE_PREFIX_PATH}:/Users/swin/code/ros2/ros2_humble/.pixi/envs/default PIXI_PROMPT=(ros2_humble) SHLVL=3 _=/usr/bin/env /Users/swin/code/ros2/ros2_humble/.pixi/envs/default/bin/cmake --install /Users/swin/code/ros2/ros2_humble/build/rtmp_uav_img_pub
