[1/2] Building CXX object CMakeFiles/my_node.dir/src/my_node.cpp.o
[2/2] Linking CXX executable my_node
ld: warning: duplicate -rpath '/Users/swin/code/ros2/ros2_humble/.pixi/envs/default/lib' ignored
-- Install configuration: ""
-- Installing: /Users/swin/code/ros2/ros2_humble/install/my_cpp_package/lib/my_cpp_package/my_node
/Users/swin/code/ros2/ros2_humble/.pixi/envs/default/bin/install_name_tool: warning: changes being made to the file will invalidate the code signature in: /Users/swin/code/ros2/ros2_humble/install/my_cpp_package/lib/my_cpp_package/my_node
[cctools-port]: generating fake signature for '/Users/swin/code/ros2/ros2_humble/install/my_cpp_package/lib/my_cpp_package/my_node'
-- Up-to-date: /Users/swin/code/ros2/ros2_humble/install/my_cpp_package/share/ament_index/resource_index/package_run_dependencies/my_cpp_package
-- Up-to-date: /Users/swin/code/ros2/ros2_humble/install/my_cpp_package/share/ament_index/resource_index/parent_prefix_path/my_cpp_package
-- Up-to-date: /Users/swin/code/ros2/ros2_humble/install/my_cpp_package/share/my_cpp_package/environment/ament_prefix_path.sh
-- Up-to-date: /Users/swin/code/ros2/ros2_humble/install/my_cpp_package/share/my_cpp_package/environment/ament_prefix_path.dsv
-- Up-to-date: /Users/swin/code/ros2/ros2_humble/install/my_cpp_package/share/my_cpp_package/environment/path.sh
-- Up-to-date: /Users/swin/code/ros2/ros2_humble/install/my_cpp_package/share/my_cpp_package/environment/path.dsv
-- Up-to-date: /Users/swin/code/ros2/ros2_humble/install/my_cpp_package/share/my_cpp_package/local_setup.bash
-- Up-to-date: /Users/swin/code/ros2/ros2_humble/install/my_cpp_package/share/my_cpp_package/local_setup.sh
-- Up-to-date: /Users/swin/code/ros2/ros2_humble/install/my_cpp_package/share/my_cpp_package/local_setup.zsh
-- Up-to-date: /Users/swin/code/ros2/ros2_humble/install/my_cpp_package/share/my_cpp_package/local_setup.dsv
-- Installing: /Users/swin/code/ros2/ros2_humble/install/my_cpp_package/share/my_cpp_package/package.dsv
-- Up-to-date: /Users/swin/code/ros2/ros2_humble/install/my_cpp_package/share/ament_index/resource_index/packages/my_cpp_package
-- Up-to-date: /Users/swin/code/ros2/ros2_humble/install/my_cpp_package/share/my_cpp_package/cmake/my_cpp_packageConfig.cmake
-- Up-to-date: /Users/swin/code/ros2/ros2_humble/install/my_cpp_package/share/my_cpp_package/cmake/my_cpp_packageConfig-version.cmake
-- Up-to-date: /Users/swin/code/ros2/ros2_humble/install/my_cpp_package/share/my_cpp_package/package.xml
